#
# A fatal error has been detected by the Java Runtime Environment:
#
#  Internal Error (javaClasses.cpp:129), pid=8204, tid=1276
#  fatal error: Invalid layout of preloaded class
#
# JRE version: 7.0_07-b11
# Java VM: Java HotSpot(TM) 64-Bit Server VM (23.3-b01 mixed mode windows-amd64 compressed oops)
# Failed to write core dump. Minidumps are not enabled by default on client versions of Windows
#
# If you would like to submit a bug report, please visit:
#   http://bugreport.sun.com/bugreport/crash.jsp
#

---------------  T H R E A D  ---------------

Current thread (0x00000000005ed000):  JavaThread "Unknown thread" [_thread_in_vm, id=1276, stack(0x0000000002590000,0x0000000002690000)]

Stack: [0x0000000002590000,0x0000000002690000]

---------------  P R O C E S S  ---------------

Java Threads: ( => current thread )

Other Threads:

=>0x00000000005ed000 (exited) JavaThread "Unknown thread" [_thread_in_vm, id=1276, stack(0x0000000002590000,0x0000000002690000)]

VM state:not at safepoint (not fully initialized)

VM Mutex/Monitor currently owned by a thread: None

GC Heap History (0 events):
No events

Deoptimization events (0 events):
No events

Internal exceptions (0 events):
No events

Events (10 events):
Event: 0.014 loading class 0x00000000023f5170 done
Event: 0.014 loading class 0x00000000023b37e0 done
Event: 0.014 loading class 0x00000000023b37b0
Event: 0.015 loading class 0x0000000002441880
Event: 0.015 loading class 0x0000000002441880 done
Event: 0.015 loading class 0x00000000024418c0
Event: 0.015 loading class 0x00000000024418c0 done
Event: 0.015 loading class 0x0000000009dbf180
Event: 0.015 loading class 0x0000000009dbf180 done
Event: 0.015 loading class 0x00000000023b37b0 done


Dynamic libraries:
0x000000013fbe0000 - 0x000000013fc14000 	C:\Program Files\Java\jre7\bin\javaw.exe
0x00000000773a0000 - 0x0000000077549000 	C:\Windows\SYSTEM32\ntdll.dll
0x0000000071760000 - 0x00000000717aa000 	C:\Program Files\AVAST Software\Avast\snxhk64.dll
0x0000000077120000 - 0x000000007723f000 	C:\Windows\system32\KERNEL32.dll
0x000007fefda40000 - 0x000007fefdaac000 	C:\Windows\system32\KERNELBASE.dll
0x000007fefe2c0000 - 0x000007fefe39b000 	C:\Windows\system32\ADVAPI32.dll
0x000007fefdfe0000 - 0x000007fefe07f000 	C:\Windows\system32\msvcrt.dll
0x000007fefdfc0000 - 0x000007fefdfdf000 	C:\Windows\SYSTEM32\sechost.dll
0x000007fefe080000 - 0x000007fefe1ad000 	C:\Windows\system32\RPCRT4.dll
0x0000000076ed0000 - 0x0000000076fca000 	C:\Windows\system32\USER32.dll
0x000007fefdd70000 - 0x000007fefddd7000 	C:\Windows\system32\GDI32.dll
0x000007fefe280000 - 0x000007fefe28e000 	C:\Windows\system32\LPK.dll
0x000007fefe1b0000 - 0x000007fefe279000 	C:\Windows\system32\USP10.dll
0x000007fefc150000 - 0x000007fefc344000 	C:\Windows\WinSxS\amd64_microsoft.windows.common-controls_6595b64144ccf1df_6.0.7601.17514_none_fa396087175ac9ac\COMCTL32.dll
0x000007feff630000 - 0x000007feff6a1000 	C:\Windows\system32\SHLWAPI.dll
0x000007fefe290000 - 0x000007fefe2be000 	C:\Windows\system32\IMM32.DLL
0x000007feff4c0000 - 0x000007feff5c9000 	C:\Windows\system32\MSCTF.dll
0x000000006db50000 - 0x000000006dc21000 	C:\Program Files\Java\jre7\bin\msvcr100.dll
0x0000000059330000 - 0x0000000059a4f000 	C:\Program Files\Java\jre7\bin\server\jvm.dll
0x000007fefad10000 - 0x000007fefad19000 	C:\Windows\system32\WSOCK32.dll
0x000007fefdc80000 - 0x000007fefdccd000 	C:\Windows\system32\WS2_32.dll
0x000007fefdbd0000 - 0x000007fefdbd8000 	C:\Windows\system32\NSI.dll
0x000007fefb500000 - 0x000007fefb53b000 	C:\Windows\system32\WINMM.dll
0x0000000077560000 - 0x0000000077567000 	C:\Windows\system32\PSAPI.DLL
0x0000000074180000 - 0x000000007418f000 	C:\Program Files\Java\jre7\bin\verify.dll
0x0000000070d00000 - 0x0000000070d28000 	C:\Program Files\Java\jre7\bin\java.dll
0x0000000072a70000 - 0x0000000072a85000 	C:\Program Files\Java\jre7\bin\zip.dll

VM Arguments:
jvm_args: -Dfile.encoding=Cp1252 -Xbootclasspath:C:\Program Files (x86)\Android\android-sdk\platforms\android-15\android.jar 
java_command: app.bissecao.Main
Launcher Type: SUN_STANDARD

Environment Variables:
PATH=C:\SynaptiCAD\bin\win32;C:\Program Files\NVIDIA GPU Computing Toolkit\CUDA\v4.2\\bin;C:\Program Files\NVIDIA GPU Computing Toolkit\CUDA\v4.2\libnvvp\;C:\Perl\site\bin;C:\Perl\bin;C:\Perl64\site\bin;C:\Perl64\bin;C:\Program Files\Common Files\Microsoft Shared\Windows Live;C:\Program Files (x86)\Common Files\Microsoft Shared\Windows Live;C:\Windows\system32;C:\Windows;C:\Windows\System32\Wbem;C:\Windows\System32\WindowsPowerShell\v1.0\;C:\Program Files (x86)\Windows Live\Shared;C:\Program Files (x86)\MKVToolNix;C:\Program Files (x86)\Common Files\HP\Digital Imaging\bin;C:\Program Files (x86)\HP\Digital Imaging\bin\;C:\Program Files (x86)\HP\Digital Imaging\bin\Qt\Qt 4.3.3;;C:\SynaptiCAD\bin;C:\ProgramData\NVIDIA Corporation\NVIDIA GPU Computing SDK 4.2\C\common\bin;c:\Program Files (x86)\Microsoft SQL Server\100\Tools\Binn\;c:\Program Files\Microsoft SQL Server\100\Tools\Binn\;c:\Program Files\Microsoft SQL Server\100\DTS\Binn\;C:\Program Files\Mercurial\
USERNAME=herculescardoso
OS=Windows_NT
PROCESSOR_IDENTIFIER=AMD64 Family 16 Model 4 Stepping 2, AuthenticAMD



---------------  S Y S T E M  ---------------

OS: Windows 7 , 64 bit Build 7601 Service Pack 1

CPU:total 4 (4 cores per cpu, 1 threads per core) family 16 model 4 stepping 2, cmov, cx8, fxsr, mmx, sse, sse2, sse3, popcnt, mmxext, 3dnowpref, lzcnt, sse4a, tsc, tscinvbit, tscinv

Memory: 4k page, physical 6028664k(2151792k free), swap 12055476k(6382592k free)

vm_info: Java HotSpot(TM) 64-Bit Server VM (23.3-b01) for windows-amd64 JRE (1.7.0_07-b11), built on Sep  7 2012 01:19:25 by "java_re" with unknown MS VC++:1600

time: Fri Nov 16 19:31:04 2012
elapsed time: 0 seconds

